<?xml version="1.0" encoding="UTF-8"?>
<!-- Generated by org.testng.reporters.JUnitReportReporter -->
<testsuite skipped="0" hostname="HANUMA-O6S338O" name="Demo_TestNG.Demo_TestNg.TC_Home_Group" tests="1" failures="0" timestamp="22 May 2020 18:49:05 GMT" time="0.040" errors="0">
  <testcase name="TC_Home_02" time="0.040" classname="Demo_TestNG.Demo_TestNg.TC_Home_Group"/>
</testsuite> <!-- Demo_TestNG.Demo_TestNg.TC_Home_Group -->
