<?xml version="1.0" encoding="UTF-8"?>
<!-- Generated by org.testng.reporters.JUnitReportReporter -->
<testsuite skipped="0" hostname="HANUMA-O6S338O" name="Demo_TestNG.Demo_TestNg.TC_Login_Group" tests="2" failures="0" timestamp="22 May 2020 18:49:05 GMT" time="0.007" errors="0">
  <testcase name="TC_Login_02" time="0.002" classname="Demo_TestNG.Demo_TestNg.TC_Login_Group"/>
  <testcase name="TC_Login_03" time="0.005" classname="Demo_TestNG.Demo_TestNg.TC_Login_Group"/>
</testsuite> <!-- Demo_TestNG.Demo_TestNg.TC_Login_Group -->
